Wed Jul 11 2018 22:00:29 GMT+0900 (KST): GET /
Wed Jul 11 2018 22:00:29 GMT+0900 (KST): GET /main.css
Wed Jul 11 2018 22:01:42 GMT+0900 (KST): GET /
Wed Jul 11 2018 22:01:42 GMT+0900 (KST): GET /main.css
Wed Jul 11 2018 22:01:48 GMT+0900 (KST): GET /
Wed Jul 11 2018 22:01:48 GMT+0900 (KST): GET /main.css
Wed Jul 11 2018 22:01:48 GMT+0900 (KST): GET /
Wed Jul 11 2018 22:01:48 GMT+0900 (KST): GET /main.css
Wed Jul 11 2018 22:01:48 GMT+0900 (KST): GET /
Wed Jul 11 2018 22:01:48 GMT+0900 (KST): GET /main.css
Wed Jul 11 2018 22:01:49 GMT+0900 (KST): GET /
Wed Jul 11 2018 22:01:49 GMT+0900 (KST): GET /main.css
Wed Jul 11 2018 22:01:49 GMT+0900 (KST): GET /
Wed Jul 11 2018 22:01:49 GMT+0900 (KST): GET /main.css
Thu Jul 12 2018 08:00:26 GMT+0900 (KST): GET /
Thu Jul 12 2018 08:00:26 GMT+0900 (KST): GET /main.css
Thu Jul 12 2018 08:00:28 GMT+0900 (KST): GET /projects
Thu Jul 12 2018 08:00:28 GMT+0900 (KST): GET /main.css
Thu Jul 12 2018 08:00:30 GMT+0900 (KST): GET /about
Thu Jul 12 2018 08:00:30 GMT+0900 (KST): GET /main.css
Thu Jul 12 2018 08:02:06 GMT+0900 (KST): GET /about
Thu Jul 12 2018 08:02:06 GMT+0900 (KST): GET /main.css
Thu Jul 12 2018 08:02:10 GMT+0900 (KST): GET /projects
Thu Jul 12 2018 08:02:10 GMT+0900 (KST): GET /main.css
